2021-12-21 07:01:10:086 [INFO] [main] [com.bridgelabz.employeepayrollapp.EmployeePayrollAppApplication:55] Starting EmployeePayrollAppApplication using Java 17.0.1 on DESKTOP-KH98EAU with PID 2568 (D:\employeepayrollapp\target\classes started by ASUS in D:\employeepayrollapp)
2021-12-21 07:01:10:102 [INFO] [main] [com.bridgelabz.employeepayrollapp.EmployeePayrollAppApplication:663] The following profiles are active: dev
2021-12-21 07:01:16:977 [INFO] [main] [org.springframework.data.repository.config.RepositoryConfigurationDelegate:132] Bootstrapping Spring Data JPA repositories in DEFAULT mode.
2021-12-21 07:01:17:341 [INFO] [main] [org.springframework.data.repository.config.RepositoryConfigurationDelegate:201] Finished Spring Data repository scanning in 318 ms. Found 1 JPA repository interfaces.
2021-12-21 07:01:18:341 [INFO] [main] [com.ulisesbocchio.jasyptspringboot.configuration.EnableEncryptablePropertiesBeanFactoryPostProcessor:40] Post-processing PropertySource instances
2021-12-21 07:01:18:346 [INFO] [main] [com.ulisesbocchio.jasyptspringboot.EncryptablePropertySourceConverter:76] Skipping PropertySource configurationProperties [class org.springframework.boot.context.properties.source.ConfigurationPropertySourcesPropertySource
2021-12-21 07:01:18:366 [INFO] [main] [com.ulisesbocchio.jasyptspringboot.EncryptablePropertySourceConverter:76] Skipping PropertySource servletConfigInitParams [class org.springframework.core.env.PropertySource$StubPropertySource
2021-12-21 07:01:18:367 [INFO] [main] [com.ulisesbocchio.jasyptspringboot.EncryptablePropertySourceConverter:76] Skipping PropertySource servletContextInitParams [class org.springframework.core.env.PropertySource$StubPropertySource
2021-12-21 07:01:18:373 [INFO] [main] [com.ulisesbocchio.jasyptspringboot.EncryptablePropertySourceConverter:81] Converting PropertySource systemProperties [org.springframework.core.env.PropertiesPropertySource] to EncryptableMapPropertySourceWrapper
2021-12-21 07:01:18:376 [INFO] [main] [com.ulisesbocchio.jasyptspringboot.EncryptablePropertySourceConverter:81] Converting PropertySource systemEnvironment [org.springframework.boot.env.SystemEnvironmentPropertySourceEnvironmentPostProcessor$OriginAwareSystemEnvironmentPropertySource] to EncryptableSystemEnvironmentPropertySourceWrapper
2021-12-21 07:01:18:378 [INFO] [main] [com.ulisesbocchio.jasyptspringboot.EncryptablePropertySourceConverter:81] Converting PropertySource random [org.springframework.boot.env.RandomValuePropertySource] to EncryptablePropertySourceWrapper
2021-12-21 07:01:18:379 [INFO] [main] [com.ulisesbocchio.jasyptspringboot.EncryptablePropertySourceConverter:81] Converting PropertySource Config resource 'class path resource [application-dev.properties]' via location 'optional:classpath:/' [org.springframework.boot.env.OriginTrackedMapPropertySource] to EncryptableMapPropertySourceWrapper
2021-12-21 07:01:18:381 [INFO] [main] [com.ulisesbocchio.jasyptspringboot.EncryptablePropertySourceConverter:81] Converting PropertySource Config resource 'class path resource [application.properties]' via location 'optional:classpath:/' [org.springframework.boot.env.OriginTrackedMapPropertySource] to EncryptableMapPropertySourceWrapper
2021-12-21 07:01:20:672 [INFO] [main] [org.springframework.boot.web.embedded.tomcat.TomcatWebServer:108] Tomcat initialized with port(s): 8080 (http)
2021-12-21 07:01:20:768 [INFO] [main] [org.apache.catalina.core.StandardService:173] Starting service [Tomcat]
2021-12-21 07:01:20:770 [INFO] [main] [org.apache.catalina.core.StandardEngine:173] Starting Servlet engine: [Apache Tomcat/9.0.53]
2021-12-21 07:01:21:140 [INFO] [main] [org.apache.catalina.core.ContainerBase.[Tomcat].[localhost].[/]:173] Initializing Spring embedded WebApplicationContext
2021-12-21 07:01:21:141 [INFO] [main] [org.springframework.boot.web.servlet.context.ServletWebServerApplicationContext:290] Root WebApplicationContext: initialization completed in 10602 ms
2021-12-21 07:01:21:378 [INFO] [main] [com.ulisesbocchio.jasyptspringboot.filter.DefaultLazyPropertyFilter:31] Property Filter custom Bean not found with name 'encryptablePropertyFilter'. Initializing Default Property Filter
2021-12-21 07:01:21:404 [INFO] [main] [com.ulisesbocchio.jasyptspringboot.resolver.DefaultLazyPropertyResolver:35] Property Resolver custom Bean not found with name 'encryptablePropertyResolver'. Initializing Default Property Resolver
2021-12-21 07:01:21:421 [INFO] [main] [com.ulisesbocchio.jasyptspringboot.detector.DefaultLazyPropertyDetector:35] Property Detector custom Bean not found with name 'encryptablePropertyDetector'. Initializing Default Property Detector
2021-12-21 07:01:22:119 [INFO] [main] [org.hibernate.jpa.internal.util.LogHelper:31] HHH000204: Processing PersistenceUnitInfo [name: default]
2021-12-21 07:01:22:404 [INFO] [main] [org.hibernate.Version:44] HHH000412: Hibernate ORM core version 5.4.32.Final
2021-12-21 07:01:23:731 [INFO] [main] [org.hibernate.annotations.common.Version:56] HCANN000001: Hibernate Commons Annotations {5.1.2.Final}
2021-12-21 07:01:24:292 [INFO] [main] [com.zaxxer.hikari.HikariDataSource:110] HikariPool-1 - Starting...
2021-12-21 07:01:31:500 [INFO] [main] [com.zaxxer.hikari.HikariDataSource:123] HikariPool-1 - Start completed.
2021-12-21 07:01:31:589 [INFO] [main] [org.hibernate.dialect.Dialect:175] HHH000400: Using dialect: org.hibernate.dialect.MySQL5Dialect
2021-12-21 07:01:40:783 [INFO] [main] [org.hibernate.engine.transaction.jta.platform.internal.JtaPlatformInitiator:52] HHH000490: Using JtaPlatform implementation: [org.hibernate.engine.transaction.jta.platform.internal.NoJtaPlatform]
2021-12-21 07:01:40:845 [INFO] [main] [org.springframework.orm.jpa.LocalContainerEntityManagerFactoryBean:437] Initialized JPA EntityManagerFactory for persistence unit 'default'
2021-12-21 07:01:41:134 [INFO] [main] [com.bridgelabz.employeepayrollapp.advice.LoggingAdvice:41] method invoked class com.bridgelabz.employeepayrollapp.configuration.EmployeeConfiguration$$EnhancerBySpringCGLIB$$a1f1f405 : modelMapper()arguments : []
2021-12-21 07:01:41:385 [INFO] [main] [com.bridgelabz.employeepayrollapp.advice.LoggingAdvice:44] class com.bridgelabz.employeepayrollapp.configuration.EmployeeConfiguration$$EnhancerBySpringCGLIB$$a1f1f405 : modelMapper()Response : org.modelmapper.ModelMapper@7b0dfa91
2021-12-21 07:01:45:628 [WARN] [main] [org.springframework.boot.autoconfigure.orm.jpa.JpaBaseConfiguration$JpaWebConfiguration:219] spring.jpa.open-in-view is enabled by default. Therefore, database queries may be performed during view rendering. Explicitly configure spring.jpa.open-in-view to disable this warning
2021-12-21 07:01:49:047 [INFO] [main] [springfox.documentation.spring.web.PropertySourcedRequestMappingHandlerMapping:69] Mapped URL path [/v2/api-docs] onto method [springfox.documentation.swagger2.web.Swagger2Controller#getDocumentation(String, HttpServletRequest)]
2021-12-21 07:01:49:054 [INFO] [main] [com.bridgelabz.employeepayrollapp.advice.LoggingAdvice:41] method invoked class com.bridgelabz.employeepayrollapp.configuration.SwaggerConfiguration$$EnhancerBySpringCGLIB$$18e9392b : postApi()arguments : []
2021-12-21 07:01:49:166 [INFO] [main] [com.bridgelabz.employeepayrollapp.advice.LoggingAdvice:44] class com.bridgelabz.employeepayrollapp.configuration.SwaggerConfiguration$$EnhancerBySpringCGLIB$$18e9392b : postApi()Response : springfox.documentation.spring.web.plugins.Docket@408980aa
2021-12-21 07:01:52:087 [INFO] [main] [org.springframework.boot.web.embedded.tomcat.TomcatWebServer:220] Tomcat started on port(s): 8080 (http) with context path ''
2021-12-21 07:01:52:089 [INFO] [main] [com.ulisesbocchio.jasyptspringboot.caching.RefreshScopeRefreshedEventListener:47] Refreshing cached encryptable property sources on ServletWebServerInitializedEvent
2021-12-21 07:01:52:090 [INFO] [main] [com.ulisesbocchio.jasyptspringboot.caching.CachingDelegateEncryptablePropertySource:55] Property Source systemProperties refreshed
2021-12-21 07:01:52:091 [INFO] [main] [com.ulisesbocchio.jasyptspringboot.caching.CachingDelegateEncryptablePropertySource:55] Property Source systemEnvironment refreshed
2021-12-21 07:01:52:092 [INFO] [main] [com.ulisesbocchio.jasyptspringboot.caching.CachingDelegateEncryptablePropertySource:55] Property Source random refreshed
2021-12-21 07:01:52:092 [INFO] [main] [com.ulisesbocchio.jasyptspringboot.caching.CachingDelegateEncryptablePropertySource:55] Property Source Config resource 'class path resource [application-dev.properties]' via location 'optional:classpath:/' refreshed
2021-12-21 07:01:52:092 [INFO] [main] [com.ulisesbocchio.jasyptspringboot.caching.CachingDelegateEncryptablePropertySource:55] Property Source Config resource 'class path resource [application.properties]' via location 'optional:classpath:/' refreshed
2021-12-21 07:01:52:093 [INFO] [main] [com.ulisesbocchio.jasyptspringboot.EncryptablePropertySourceConverter:81] Converting PropertySource server.ports [org.springframework.core.env.MapPropertySource] to EncryptableMapPropertySourceWrapper
2021-12-21 07:01:52:093 [INFO] [main] [com.ulisesbocchio.jasyptspringboot.EncryptablePropertySourceConverter:76] Skipping PropertySource configurationProperties [class org.springframework.boot.context.properties.source.ConfigurationPropertySourcesPropertySource
2021-12-21 07:01:52:094 [INFO] [main] [com.ulisesbocchio.jasyptspringboot.EncryptablePropertySourceConverter:76] Skipping PropertySource servletConfigInitParams [class org.springframework.core.env.PropertySource$StubPropertySource
2021-12-21 07:01:52:095 [INFO] [main] [com.ulisesbocchio.jasyptspringboot.EncryptablePropertySourceConverter:81] Converting PropertySource servletContextInitParams [org.springframework.web.context.support.ServletContextPropertySource] to EncryptableEnumerablePropertySourceWrapper
2021-12-21 07:01:52:096 [INFO] [main] [springfox.documentation.spring.web.plugins.DocumentationPluginsBootstrapper:160] Context refreshed
2021-12-21 07:01:52:324 [INFO] [main] [springfox.documentation.spring.web.plugins.DocumentationPluginsBootstrapper:163] Found 1 custom documentation plugin(s)
2021-12-21 07:01:52:574 [INFO] [main] [springfox.documentation.spring.web.scanners.ApiListingReferenceScanner:41] Scanning for api listing references
2021-12-21 07:01:52:918 [INFO] [main] [springfox.documentation.spring.web.readers.operation.CachingOperationNameGenerator:40] Generating unique operation named: getEmployeePayrollDataUsingGET_1
2021-12-21 07:01:53:044 [INFO] [main] [com.bridgelabz.employeepayrollapp.EmployeePayrollAppApplication:61] Started EmployeePayrollAppApplication in 48.043 seconds (JVM running for 54.793)
2021-12-21 07:02:11:486 [INFO] [http-nio-8080-exec-2] [org.apache.catalina.core.ContainerBase.[Tomcat].[localhost].[/]:173] Initializing Spring DispatcherServlet 'dispatcherServlet'
2021-12-21 07:02:11:488 [INFO] [http-nio-8080-exec-2] [org.springframework.web.servlet.DispatcherServlet:525] Initializing Servlet 'dispatcherServlet'
2021-12-21 07:02:11:494 [INFO] [http-nio-8080-exec-2] [org.springframework.web.servlet.DispatcherServlet:547] Completed initialization in 5 ms
2021-12-21 07:02:27:594 [INFO] [http-nio-8080-exec-9] [com.bridgelabz.employeepayrollapp.advice.LoggingAdvice:41] method invoked class com.bridgelabz.employeepayrollapp.controller.EmployeePayrollController : getEmployeePayrollData()arguments : []
2021-12-21 07:02:27:616 [INFO] [http-nio-8080-exec-9] [com.bridgelabz.employeepayrollapp.advice.LoggingAdvice:41] method invoked class com.bridgelabz.employeepayrollapp.service.EmployeePayrollService : getAllEmployee()arguments : []
2021-12-21 07:02:29:335 [INFO] [http-nio-8080-exec-9] [com.bridgelabz.employeepayrollapp.advice.LoggingAdvice:44] class com.bridgelabz.employeepayrollapp.service.EmployeePayrollService : getAllEmployee()Response : [EmployeeDto(name=Sonali Gadge, imagePath=image1, gender=Female, salary=700000, departments=[Mech], notes=notes1)]
2021-12-21 07:02:29:336 [INFO] [http-nio-8080-exec-9] [com.bridgelabz.employeepayrollapp.advice.LoggingAdvice:44] class com.bridgelabz.employeepayrollapp.controller.EmployeePayrollController : getEmployeePayrollData()Response : [EmployeeDto(name=Sonali Gadge, imagePath=image1, gender=Female, salary=700000, departments=[Mech], notes=notes1)]
